<?xml version="1.0" encoding="UTF-8"?>
<testng-results ignored="0" total="1" passed="1" failed="0" skipped="0">
  <reporter-output>
  </reporter-output>
  <suite started-at="2023-10-05T20:24:56 IST" name="Default suite" finished-at="2023-10-05T20:24:59 IST" duration-ms="3665">
    <groups>
    </groups>
    <test started-at="2023-10-05T20:24:56 IST" name="Default test" finished-at="2023-10-05T20:24:59 IST" duration-ms="3665">
      <class name="DemoPractices.GetPayloadFromFile">
        <test-method signature="addPlace()[pri:0, instance:DemoPractices.GetPayloadFromFile@cad498c]" started-at="2023-10-05T20:24:56 IST" name="addPlace" finished-at="2023-10-05T20:24:59 IST" duration-ms="3603" status="PASS">
          <reporter-output>
          </reporter-output>
        </test-method> <!-- addPlace -->
      </class> <!-- DemoPractices.GetPayloadFromFile -->
    </test> <!-- Default test -->
  </suite> <!-- Default suite -->
</testng-results>
