<?xml version="1.0" encoding="UTF-8"?>
<!-- Generated by org.testng.reporters.JUnitXMLReporter -->
<testsuite ignored="0" hostname="Asplap2656" failures="0" tests="10" name="Order product" time="219.302" errors="0" timestamp="2023-10-14T20:33:48 IST">
  <testcase classname="ClientApplication.POMClientAppWithHashMap" name="purchaseOrder" time="31.335"/>
  <testcase classname="ClientApplication.POMClientAppWithJSON" name="purchaseOrder" time="32.986"/>
  <testcase classname="ClientApplication.POMClientAppWithJSON" name="purchaseOrder" time="36.119"/>
  <testcase classname="ClientApplication.POMClientAppWithHashMap" name="purchaseOrder" time="32.057"/>
  <testcase classname="ClientApplication.ClientAppEnd2EndFlow" name="OrderPurchase" time="33.653"/>
  <testcase classname="ClientApplication.POMClientAppWithJSON" name="VerifyOrder" time="6.729">
    <skipped/>
  </testcase> <!-- VerifyOrder -->
  <testcase classname="ClientApplication.POMClientAppWithJSON" name="VerifyOrder" time="15.181"/>
  <testcase classname="ClientApplication.POMClientAppWithHashMap" name="VerifyOrder" time="14.934"/>
  <testcase classname="ClientApplication.POMClientAppDataProvider" name="VerifyOrder" time="14.419"/>
  <testcase classname="ClientApplication.POMClientAppEnd2EndFlow" name="VerifyOrder" time="13.706"/>
</testsuite> <!-- Order product -->
